<?xml version="1.0" encoding="UTF-8"?>
<testng-results skipped="0" failed="0" ignored="0" total="1" passed="1">
  <reporter-output>
  </reporter-output>
  <suite name="Default suite" duration-ms="41173" started-at="2017-11-25T09:50:15Z" finished-at="2017-11-25T09:50:56Z">
    <groups>
    </groups>
    <test name="Default test" duration-ms="41173" started-at="2017-11-25T09:50:15Z" finished-at="2017-11-25T09:50:56Z">
      <class name="de.schwerin.jpa.bidirektional.einzueins.TestPerson">
        <test-method status="PASS" signature="testCreatePerson()[pri:0, instance:de.schwerin.jpa.bidirektional.einzueins.TestPerson@5467eea4]" name="testCreatePerson" duration-ms="41154" started-at="2017-11-25T10:50:15Z" finished-at="2017-11-25T10:50:56Z">
          <reporter-output>
          </reporter-output>
        </test-method> <!-- testCreatePerson -->
      </class> <!-- de.schwerin.jpa.bidirektional.einzueins.TestPerson -->
    </test> <!-- Default test -->
  </suite> <!-- Default suite -->
</testng-results>
